<?xml version="1.0" encoding="UTF-8" ?>
<testsuite tests="1" failures="1" name="AddItemToCartTest" time="20.05" errors="0" skipped="0">
  <properties>
[...]
</properties>
  <testcase classname="AddItemToCartTest" name="addProductToCartTest" time="20.05">
    <failure message="Expected condition failed: waiting for presence of element located by: By.xpath: //button[@class=&apos;action primary tocart&apos;] (tried for 20 second(s) with 500 milliseconds interval)" type="org.openqa.selenium.TimeoutException">org.openqa.selenium.TimeoutException: Expected condition failed: waiting for presence of element located by: By.xpath: //button[@class=&apos;action primary tocart&apos;] (tried for 20 second(s) with 500 milliseconds interval)
	at org.openqa.selenium.support.ui.WebDriverWait.timeoutException(WebDriverWait.java:87)
	at org.openqa.selenium.support.ui.FluentWait.until(FluentWait.java:231)
	at AddItemToCartTest.addProductToCartTest(AddItemToCartTest.java:32)
Caused by: org.openqa.selenium.NoSuchElementException: no such element: Unable to locate element: {&quot;method&quot;:&quot;xpath&quot;,&quot;selector&quot;:&quot;//button[@class=&apos;action primary tocart&apos;]&quot;}
  (Session info: chrome=107.0.5304.107)
For documentation on this error, please visit: https://selenium.dev/exceptions/#no_such_element
Build info: version: &apos;4.6.0&apos;, revision: &apos;79f1c02ae20&apos;
System info: os.name: &apos;Windows 10&apos;, os.arch: &apos;amd64&apos;, os.version: &apos;10.0&apos;, java.version: &apos;15.0.2&apos;
Driver info: org.openqa.selenium.chrome.ChromeDriver
Command: [b0a56de242f62fe0eb8fcd76890f65ec, findElement {using=xpath, value=//button[@class=&apos;action primary tocart&apos;]}]
Capabilities {acceptInsecureCerts: false, browserName: chrome, browserVersion: 107.0.5304.107, chrome: {chromedriverVersion: 107.0.5304.62 (1eec40d3a576..., userDataDir: C:\Windows\TEMP\scoped_dir1...}, goog:chromeOptions: {debuggerAddress: localhost:40839}, networkConnectionEnabled: false, pageLoadStrategy: normal, platformName: WINDOWS, proxy: Proxy(), se:cdp: ws://localhost:40839/devtoo..., se:cdpVersion: 107.0.5304.107, setWindowRect: true, strictFileInteractability: false, timeouts: {implicit: 0, pageLoad: 300000, script: 30000}, unhandledPromptBehavior: dismiss and notify, webauthn:extension:credBlob: true, webauthn:extension:largeBlob: true, webauthn:virtualAuthenticators: true}
Session ID: b0a56de242f62fe0eb8fcd76890f65ec
	at jdk.internal.reflect.GeneratedConstructorAccessor7.newInstance(Unknown Source)
	at java.base/jdk.internal.reflect.DelegatingConstructorAccessorImpl.newInstance(DelegatingConstructorAccessorImpl.java:45)
	at java.base/java.lang.reflect.Constructor.newInstanceWithCaller(Constructor.java:500)
	at java.base/java.lang.reflect.Constructor.newInstance(Constructor.java:481)
	at org.openqa.selenium.remote.codec.w3c.W3CHttpResponseCodec.createException(W3CHttpResponseCodec.java:200)
	at org.openqa.selenium.remote.codec.w3c.W3CHttpResponseCodec.decode(W3CHttpResponseCodec.java:133)
	at org.openqa.selenium.remote.codec.w3c.W3CHttpResponseCodec.decode(W3CHttpResponseCodec.java:53)
	at org.openqa.selenium.remote.HttpCommandExecutor.execute(HttpCommandExecutor.java:184)
	at org.openqa.selenium.remote.service.DriverCommandExecutor.invokeExecute(DriverCommandExecutor.java:167)
	at org.openqa.selenium.remote.service.DriverCommandExecutor.execute(DriverCommandExecutor.java:142)
	at org.openqa.selenium.remote.RemoteWebDriver.execute(RemoteWebDriver.java:541)
	at org.openqa.selenium.remote.ElementLocation$ElementFinder$2.findElement(ElementLocation.java:162)
	at org.openqa.selenium.remote.ElementLocation.findElement(ElementLocation.java:60)
	at org.openqa.selenium.remote.RemoteWebDriver.findElement(RemoteWebDriver.java:365)
	at org.openqa.selenium.remote.RemoteWebDriver.findElement(RemoteWebDriver.java:357)
	at org.openqa.selenium.support.ui.ExpectedConditions$6.apply(ExpectedConditions.java:174)
	at org.openqa.selenium.support.ui.ExpectedConditions$6.apply(ExpectedConditions.java:171)
	at org.openqa.selenium.support.ui.FluentWait.until(FluentWait.java:208)
	... 38 more
</failure>
    <system-out>Configuring TestNG with: org.apache.maven.surefire.testng.conf.TestNG652Configurator@7f690630
</system-out>
    <system-err>SLF4J: Failed to load class &quot;org.slf4j.impl.StaticLoggerBinder&quot;.
SLF4J: Defaulting to no-operation (NOP) logger implementation
SLF4J: See http://www.slf4j.org/codes.html#StaticLoggerBinder for further details.
Starting ChromeDriver 107.0.5304.62 (1eec40d3a5764881c92085aaee66d25075c159aa-refs/branch-heads/5304@{#942}) on port 29556
Only local connections are allowed.
Please see https://chromedriver.chromium.org/security-considerations for suggestions on keeping ChromeDriver safe.
ChromeDriver was started successfully.
</system-err>
  </testcase>
</testsuite>